  endInterface.cpp
D:\Desktop\飞机大战\WarOfPlane\WarOfPlane\endInterface.cpp(7,2): error C3861: “drawEndInterface”: 找不到标识符
D:\Desktop\飞机大战\WarOfPlane\WarOfPlane\endInterface.cpp(11,7): error C3861: “leftKeyDown”: 找不到标识符
D:\Desktop\飞机大战\WarOfPlane\WarOfPlane\endInterface.cpp(11,24): error C3861: “mouseInRestartSquare”: 找不到标识符
D:\Desktop\飞机大战\WarOfPlane\WarOfPlane\endInterface.cpp(13,4): error C3861: “gameStart”: 找不到标识符
D:\Desktop\飞机大战\WarOfPlane\WarOfPlane\endInterface.cpp(16,12): error C3861: “leftKeyDown”: 找不到标识符
D:\Desktop\飞机大战\WarOfPlane\WarOfPlane\endInterface.cpp(16,29): error C3861: “mouseInBackToMenuSquare”: 找不到标识符
D:\Desktop\飞机大战\WarOfPlane\WarOfPlane\endInterface.cpp(18,4): error C3861: “startMenu”: 找不到标识符
  enemyBullet.cpp
D:\Programme_files\VisualStudio\vs\VC\Auxiliary\VS\include\graphics.h(1,1): warning C4828: 文件包含在偏移 0x19d3 处开始的字符，该字符在当前源字符集中无效(代码页 936)。
  enemyPlane.cpp
D:\Programme_files\VisualStudio\vs\VC\Auxiliary\VS\include\graphics.h(1,1): warning C4828: 文件包含在偏移 0x19d3 处开始的字符，该字符在当前源字符集中无效(代码页 936)。
  main.cpp
D:\Programme_files\VisualStudio\vs\VC\Auxiliary\VS\include\graphics.h(1,1): warning C4828: 文件包含在偏移 0x19d3 处开始的字符，该字符在当前源字符集中无效(代码页 936)。
D:\Desktop\飞机大战\WarOfPlane\WarOfPlane\main.cpp(25,2): error C3861: “drawMap”: 找不到标识符
D:\Desktop\飞机大战\WarOfPlane\WarOfPlane\main.cpp(27,2): error C3861: “playBGM”: 找不到标识符
D:\Desktop\飞机大战\WarOfPlane\WarOfPlane\main.cpp(39,3): error C3861: “planeMove”: 找不到标识符
D:\Desktop\飞机大战\WarOfPlane\WarOfPlane\main.cpp(40,3): error C3861: “bulletMove”: 找不到标识符
D:\Desktop\飞机大战\WarOfPlane\WarOfPlane\main.cpp(58,7): error C3861: “smallPlaneShot”: 找不到标识符
D:\Desktop\飞机大战\WarOfPlane\WarOfPlane\main.cpp(58,27): error C3861: “smallPlaneCrash”: 找不到标识符
D:\Desktop\飞机大战\WarOfPlane\WarOfPlane\main.cpp(60,4): error C3861: “smallPlaneVanish”: 找不到标识符
D:\Desktop\飞机大战\WarOfPlane\WarOfPlane\main.cpp(64,7): error C3861: “largePlaneExist”: 找不到标识符
D:\Desktop\飞机大战\WarOfPlane\WarOfPlane\main.cpp(66,8): error C3861: “largePlaneShot”: 找不到标识符
D:\Desktop\飞机大战\WarOfPlane\WarOfPlane\main.cpp(66,28): error C3861: “LargePlaneCrash”: 找不到标识符
D:\Desktop\飞机大战\WarOfPlane\WarOfPlane\main.cpp(68,5): error C3861: “enemyBloodMinus”: 找不到标识符
D:\Desktop\飞机大战\WarOfPlane\WarOfPlane\main.cpp(70,9): error C2065: “blood”: 未声明的标识符
D:\Desktop\飞机大战\WarOfPlane\WarOfPlane\main.cpp(72,6): error C3861: “largePlaneVanish”: 找不到标识符
D:\Desktop\飞机大战\WarOfPlane\WarOfPlane\main.cpp(82,7): error C3861: “playerPlaneShot”: 找不到标识符
D:\Desktop\飞机大战\WarOfPlane\WarOfPlane\main.cpp(82,28): error C3861: “PlayerPlaneCrash”: 找不到标识符
D:\Desktop\飞机大战\WarOfPlane\WarOfPlane\main.cpp(84,4): error C3861: “playerBloodMinus”: 找不到标识符
D:\Desktop\飞机大战\WarOfPlane\WarOfPlane\main.cpp(86,8): error C2065: “blood”: 未声明的标识符
D:\Desktop\飞机大战\WarOfPlane\WarOfPlane\main.cpp(88,5): error C3861: “endInterface”: 找不到标识符
D:\Desktop\飞机大战\WarOfPlane\WarOfPlane\main.cpp(91,3): error C2059: 语法错误:“}”
D:\Desktop\飞机大战\WarOfPlane\WarOfPlane\main.cpp(94,7): error C3861: “pauseKeyDown”: 找不到标识符
D:\Desktop\飞机大战\WarOfPlane\WarOfPlane\main.cpp(96,4): error C3861: “pauseInterface”: 找不到标识符
D:\Desktop\飞机大战\WarOfPlane\WarOfPlane\main.cpp(110,2): error C3861: “startMenu”: 找不到标识符
D:\Desktop\飞机大战\WarOfPlane\WarOfPlane\main.cpp(110,14): error C2059: 语法错误:“/”
  pauseInterface.cpp
D:\Desktop\飞机大战\WarOfPlane\WarOfPlane\pauseInterface.cpp(7,2): error C3861: “drawPauseInterface”: 找不到标识符
D:\Desktop\飞机大战\WarOfPlane\WarOfPlane\pauseInterface.cpp(11,7): error C3861: “leftKeyDown”: 找不到标识符
D:\Desktop\飞机大战\WarOfPlane\WarOfPlane\pauseInterface.cpp(11,24): error C3861: “mouseInContinueSquare”: 找不到标识符
D:\Desktop\飞机大战\WarOfPlane\WarOfPlane\pauseInterface.cpp(16,12): error C3861: “leftKeyDown”: 找不到标识符
D:\Desktop\飞机大战\WarOfPlane\WarOfPlane\pauseInterface.cpp(16,29): error C3861: “mouseInRestartSquare”: 找不到标识符
D:\Desktop\飞机大战\WarOfPlane\WarOfPlane\pauseInterface.cpp(18,4): error C3861: “gameStart”: 找不到标识符
D:\Desktop\飞机大战\WarOfPlane\WarOfPlane\pauseInterface.cpp(21,12): error C3861: “leftKeyDown”: 找不到标识符
D:\Desktop\飞机大战\WarOfPlane\WarOfPlane\pauseInterface.cpp(21,29): error C3861: “mouseInBackToMenuSquare”: 找不到标识符
D:\Desktop\飞机大战\WarOfPlane\WarOfPlane\pauseInterface.cpp(23,4): error C3861: “stratMenu”: 找不到标识符
  playerBullet.cpp
D:\Programme_files\VisualStudio\vs\VC\Auxiliary\VS\include\graphics.h(1,1): warning C4828: 文件包含在偏移 0x19d3 处开始的字符，该字符在当前源字符集中无效(代码页 936)。
  playerPlane.cpp
D:\Programme_files\VisualStudio\vs\VC\Auxiliary\VS\include\graphics.h(1,1): warning C4828: 文件包含在偏移 0x19d3 处开始的字符，该字符在当前源字符集中无效(代码页 936)。
  startMenu.cpp
D:\Desktop\飞机大战\WarOfPlane\WarOfPlane\startMenu.cpp(7,2): error C3861: “drawStartMenu”: 找不到标识符
D:\Desktop\飞机大战\WarOfPlane\WarOfPlane\startMenu.cpp(11,7): error C3861: “leftKeyDown”: 找不到标识符
D:\Desktop\飞机大战\WarOfPlane\WarOfPlane\startMenu.cpp(11,24): error C3861: “mouseInStartSquare”: 找不到标识符
D:\Desktop\飞机大战\WarOfPlane\WarOfPlane\startMenu.cpp(13,4): error C3861: “gameStart”: 找不到标识符
D:\Desktop\飞机大战\WarOfPlane\WarOfPlane\startMenu.cpp(16,12): error C3861: “leftKeyDown”: 找不到标识符
D:\Desktop\飞机大战\WarOfPlane\WarOfPlane\startMenu.cpp(16,29): error C3861: “mouseInEndSquare”: 找不到标识符
  正在生成代码...
D:\Desktop\飞机大战\WarOfPlane\WarOfPlane\enemyPlane.cpp(9): error C4716: “enemyPlane::smallPlaneShot”: 必须返回一个值
D:\Desktop\飞机大战\WarOfPlane\WarOfPlane\enemyPlane.cpp(12): error C4716: “enemyPlane::smallPlaneCrash”: 必须返回一个值
